0 info it worked if it ends with ok
1 verbose cli [ '/usr/bin/nodejs', '/usr/bin/npm', 'run', 'dev' ]
2 info using npm@4.0.0
3 info using node@v6.8.1
4 verbose run-script [ 'predev', 'dev', 'postdev' ]
5 info lifecycle vue-material-blog@0.0.1~predev: vue-material-blog@0.0.1
6 silly lifecycle vue-material-blog@0.0.1~predev: no script for predev, continuing
7 info lifecycle vue-material-blog@0.0.1~dev: vue-material-blog@0.0.1
8 verbose lifecycle vue-material-blog@0.0.1~dev: unsafe-perm in lifecycle true
9 verbose lifecycle vue-material-blog@0.0.1~dev: PATH: /usr/lib/node_modules/npm/bin/node-gyp-bin:/home/developer/Downloads/source/vue/VeriForms-Vuejs/node_modules/.bin:/usr/local/sbin:/usr/local/bin:/usr/sbin:/usr/bin:/sbin:/bin:/usr/games:/usr/local/games
10 verbose lifecycle vue-material-blog@0.0.1~dev: CWD: /home/developer/Downloads/source/vue/VeriForms-Vuejs
11 silly lifecycle vue-material-blog@0.0.1~dev: Args: [ '-c',
11 silly lifecycle   'webpack-dev-server --inline --hot  --host 127.0.0.1 --port 3000 --config build/webpack.dev.config.js' ]
12 silly lifecycle vue-material-blog@0.0.1~dev: Returned: code: 1  signal: null
13 info lifecycle vue-material-blog@0.0.1~dev: Failed to exec dev script
14 verbose stack Error: vue-material-blog@0.0.1 dev: `webpack-dev-server --inline --hot  --host 127.0.0.1 --port 3000 --config build/webpack.dev.config.js`
14 verbose stack Exit status 1
14 verbose stack     at EventEmitter.<anonymous> (/usr/lib/node_modules/npm/lib/utils/lifecycle.js:277:16)
14 verbose stack     at emitTwo (events.js:106:13)
14 verbose stack     at EventEmitter.emit (events.js:191:7)
14 verbose stack     at ChildProcess.<anonymous> (/usr/lib/node_modules/npm/lib/utils/spawn.js:40:14)
14 verbose stack     at emitTwo (events.js:106:13)
14 verbose stack     at ChildProcess.emit (events.js:191:7)
14 verbose stack     at maybeClose (internal/child_process.js:877:16)
14 verbose stack     at Process.ChildProcess._handle.onexit (internal/child_process.js:226:5)
15 verbose pkgid vue-material-blog@0.0.1
16 verbose cwd /home/developer/Downloads/source/vue/VeriForms-Vuejs
17 error Linux 3.19.0-25-generic
18 error argv "/usr/bin/nodejs" "/usr/bin/npm" "run" "dev"
19 error node v6.8.1
20 error npm  v4.0.0
21 error code ELIFECYCLE
22 error vue-material-blog@0.0.1 dev: `webpack-dev-server --inline --hot  --host 127.0.0.1 --port 3000 --config build/webpack.dev.config.js`
22 error Exit status 1
23 error Failed at the vue-material-blog@0.0.1 dev script 'webpack-dev-server --inline --hot  --host 127.0.0.1 --port 3000 --config build/webpack.dev.config.js'.
23 error Make sure you have the latest version of node.js and npm installed.
23 error If you do, this is most likely a problem with the vue-material-blog package,
23 error not with npm itself.
23 error Tell the author that this fails on your system:
23 error     webpack-dev-server --inline --hot  --host 127.0.0.1 --port 3000 --config build/webpack.dev.config.js
23 error You can get information on how to open an issue for this project with:
23 error     npm bugs vue-material-blog
23 error Or if that isn't available, you can get their info via:
23 error     npm owner ls vue-material-blog
23 error There is likely additional logging output above.
24 verbose exit [ 1, true ]
